<?xml version="1.0" encoding="UTF-8"?>
<testsuite xmlns:xsi="http://www.w3.org/2001/XMLSchema-instance" xsi:noNamespaceSchemaLocation="https://maven.apache.org/surefire/maven-surefire-plugin/xsd/surefire-test-report.xsd" name="com.BigCommerce.ApplicationTest" time="10.396" tests="3" errors="0" skipped="0" failures="0">
  <properties>
    <property name="sun.desktop" value="windows"/>
    <property name="awt.toolkit" value="sun.awt.windows.WToolkit"/>
    <property name="file.encoding.pkg" value="sun.io"/>
    <property name="java.specification.version" value="1.8"/>
    <property name="sun.cpu.isalist" value="amd64"/>
    <property name="sun.jnu.encoding" value="GBK"/>
    <property name="java.class.path" value="D:\工作常用工具\java_web_test\BigCommerce-Task-Heng-Liu\target\test-classes;D:\工作常用工具\java_web_test\BigCommerce-Task-Heng-Liu\target\classes;D:\openSources\repository\org\springframework\boot\spring-boot-starter-web\2.0.1.RELEASE\spring-boot-starter-web-2.0.1.RELEASE.jar;D:\openSources\repository\org\springframework\boot\spring-boot-starter\2.0.1.RELEASE\spring-boot-starter-2.0.1.RELEASE.jar;D:\openSources\repository\org\springframework\boot\spring-boot\2.0.1.RELEASE\spring-boot-2.0.1.RELEASE.jar;D:\openSources\repository\org\springframework\boot\spring-boot-autoconfigure\2.0.1.RELEASE\spring-boot-autoconfigure-2.0.1.RELEASE.jar;D:\openSources\repository\org\springframework\boot\spring-boot-starter-logging\2.0.1.RELEASE\spring-boot-starter-logging-2.0.1.RELEASE.jar;D:\openSources\repository\ch\qos\logback\logback-classic\1.2.3\logback-classic-1.2.3.jar;D:\openSources\repository\ch\qos\logback\logback-core\1.2.3\logback-core-1.2.3.jar;D:\openSources\repository\org\apache\logging\log4j\log4j-to-slf4j\2.10.0\log4j-to-slf4j-2.10.0.jar;D:\openSources\repository\org\apache\logging\log4j\log4j-api\2.10.0\log4j-api-2.10.0.jar;D:\openSources\repository\org\slf4j\jul-to-slf4j\1.7.25\jul-to-slf4j-1.7.25.jar;D:\openSources\repository\javax\annotation\javax.annotation-api\1.3.2\javax.annotation-api-1.3.2.jar;D:\openSources\repository\org\yaml\snakeyaml\1.19\snakeyaml-1.19.jar;D:\openSources\repository\org\springframework\boot\spring-boot-starter-json\2.0.1.RELEASE\spring-boot-starter-json-2.0.1.RELEASE.jar;D:\openSources\repository\com\fasterxml\jackson\core\jackson-databind\2.9.5\jackson-databind-2.9.5.jar;D:\openSources\repository\com\fasterxml\jackson\core\jackson-annotations\2.9.0\jackson-annotations-2.9.0.jar;D:\openSources\repository\com\fasterxml\jackson\core\jackson-core\2.9.5\jackson-core-2.9.5.jar;D:\openSources\repository\com\fasterxml\jackson\datatype\jackson-datatype-jdk8\2.9.5\jackson-datatype-jdk8-2.9.5.jar;D:\openSources\repository\com\fasterxml\jackson\datatype\jackson-datatype-jsr310\2.9.5\jackson-datatype-jsr310-2.9.5.jar;D:\openSources\repository\com\fasterxml\jackson\module\jackson-module-parameter-names\2.9.5\jackson-module-parameter-names-2.9.5.jar;D:\openSources\repository\org\springframework\boot\spring-boot-starter-tomcat\2.0.1.RELEASE\spring-boot-starter-tomcat-2.0.1.RELEASE.jar;D:\openSources\repository\org\apache\tomcat\embed\tomcat-embed-websocket\8.5.29\tomcat-embed-websocket-8.5.29.jar;D:\openSources\repository\org\hibernate\validator\hibernate-validator\6.0.9.Final\hibernate-validator-6.0.9.Final.jar;D:\openSources\repository\javax\validation\validation-api\2.0.1.Final\validation-api-2.0.1.Final.jar;D:\openSources\repository\org\jboss\logging\jboss-logging\3.3.2.Final\jboss-logging-3.3.2.Final.jar;D:\openSources\repository\com\fasterxml\classmate\1.3.4\classmate-1.3.4.jar;D:\openSources\repository\org\springframework\spring-web\5.0.5.RELEASE\spring-web-5.0.5.RELEASE.jar;D:\openSources\repository\org\springframework\spring-beans\5.0.5.RELEASE\spring-beans-5.0.5.RELEASE.jar;D:\openSources\repository\org\springframework\spring-webmvc\5.0.5.RELEASE\spring-webmvc-5.0.5.RELEASE.jar;D:\openSources\repository\org\springframework\spring-aop\5.0.5.RELEASE\spring-aop-5.0.5.RELEASE.jar;D:\openSources\repository\org\springframework\spring-context\5.0.5.RELEASE\spring-context-5.0.5.RELEASE.jar;D:\openSources\repository\org\springframework\spring-expression\5.0.5.RELEASE\spring-expression-5.0.5.RELEASE.jar;D:\openSources\repository\javax\servlet\jstl\1.2\jstl-1.2.jar;D:\openSources\repository\org\apache\tomcat\embed\tomcat-embed-jasper\8.5.29\tomcat-embed-jasper-8.5.29.jar;D:\openSources\repository\org\apache\tomcat\embed\tomcat-embed-core\8.5.29\tomcat-embed-core-8.5.29.jar;D:\openSources\repository\org\apache\tomcat\tomcat-annotations-api\8.5.29\tomcat-annotations-api-8.5.29.jar;D:\openSources\repository\org\apache\tomcat\embed\tomcat-embed-el\8.5.29\tomcat-embed-el-8.5.29.jar;D:\openSources\repository\org\eclipse\jdt\ecj\3.12.3\ecj-3.12.3.jar;D:\openSources\repository\com\alibaba\druid\1.0.11\druid-1.0.11.jar;D:\jdk\jdk1.8.0_45\jre\..\lib\jconsole.jar;D:\jdk\jdk1.8.0_45\jre\..\lib\tools.jar;D:\openSources\repository\mysql\mysql-connector-java\5.1.46\mysql-connector-java-5.1.46.jar;D:\openSources\repository\org\mybatis\spring\boot\mybatis-spring-boot-starter\1.3.0\mybatis-spring-boot-starter-1.3.0.jar;D:\openSources\repository\org\springframework\boot\spring-boot-starter-jdbc\2.0.1.RELEASE\spring-boot-starter-jdbc-2.0.1.RELEASE.jar;D:\openSources\repository\com\zaxxer\HikariCP\2.7.8\HikariCP-2.7.8.jar;D:\openSources\repository\org\springframework\spring-jdbc\5.0.5.RELEASE\spring-jdbc-5.0.5.RELEASE.jar;D:\openSources\repository\org\springframework\spring-tx\5.0.5.RELEASE\spring-tx-5.0.5.RELEASE.jar;D:\openSources\repository\org\mybatis\spring\boot\mybatis-spring-boot-autoconfigure\1.3.0\mybatis-spring-boot-autoconfigure-1.3.0.jar;D:\openSources\repository\org\mybatis\mybatis\3.4.4\mybatis-3.4.4.jar;D:\openSources\repository\org\mybatis\mybatis-spring\1.3.1\mybatis-spring-1.3.1.jar;D:\openSources\repository\org\springframework\boot\spring-boot-starter-test\2.0.1.RELEASE\spring-boot-starter-test-2.0.1.RELEASE.jar;D:\openSources\repository\org\springframework\boot\spring-boot-test\2.0.1.RELEASE\spring-boot-test-2.0.1.RELEASE.jar;D:\openSources\repository\org\springframework\boot\spring-boot-test-autoconfigure\2.0.1.RELEASE\spring-boot-test-autoconfigure-2.0.1.RELEASE.jar;D:\openSources\repository\com\jayway\jsonpath\json-path\2.4.0\json-path-2.4.0.jar;D:\openSources\repository\net\minidev\json-smart\2.3\json-smart-2.3.jar;D:\openSources\repository\net\minidev\accessors-smart\1.2\accessors-smart-1.2.jar;D:\openSources\repository\org\ow2\asm\asm\5.0.4\asm-5.0.4.jar;D:\openSources\repository\org\slf4j\slf4j-api\1.7.25\slf4j-api-1.7.25.jar;D:\openSources\repository\org\assertj\assertj-core\3.9.1\assertj-core-3.9.1.jar;D:\openSources\repository\org\mockito\mockito-core\2.15.0\mockito-core-2.15.0.jar;D:\openSources\repository\net\bytebuddy\byte-buddy\1.7.11\byte-buddy-1.7.11.jar;D:\openSources\repository\net\bytebuddy\byte-buddy-agent\1.7.11\byte-buddy-agent-1.7.11.jar;D:\openSources\repository\org\objenesis\objenesis\2.6\objenesis-2.6.jar;D:\openSources\repository\org\hamcrest\hamcrest-core\1.3\hamcrest-core-1.3.jar;D:\openSources\repository\org\hamcrest\hamcrest-library\1.3\hamcrest-library-1.3.jar;D:\openSources\repository\org\skyscreamer\jsonassert\1.5.0\jsonassert-1.5.0.jar;D:\openSources\repository\com\vaadin\external\google\android-json\0.0.20131108.vaadin1\android-json-0.0.20131108.vaadin1.jar;D:\openSources\repository\org\springframework\spring-core\5.0.5.RELEASE\spring-core-5.0.5.RELEASE.jar;D:\openSources\repository\org\springframework\spring-jcl\5.0.5.RELEASE\spring-jcl-5.0.5.RELEASE.jar;D:\openSources\repository\org\springframework\spring-test\5.0.5.RELEASE\spring-test-5.0.5.RELEASE.jar;D:\openSources\repository\org\xmlunit\xmlunit-core\2.5.1\xmlunit-core-2.5.1.jar;D:\openSources\repository\junit\junit\4.12\junit-4.12.jar;"/>
    <property name="java.vm.vendor" value="Oracle Corporation"/>
    <property name="sun.arch.data.model" value="64"/>
    <property name="user.variant" value=""/>
    <property name="java.vendor.url" value="http://java.oracle.com/"/>
    <property name="user.timezone" value="Australia/Sydney"/>
    <property name="java.vm.specification.version" value="1.8"/>
    <property name="os.name" value="Windows 8.1"/>
    <property name="user.country" value="CN"/>
    <property name="sun.java.launcher" value="SUN_STANDARD"/>
    <property name="sun.boot.library.path" value="D:\jdk\jdk1.8.0_45\jre\bin"/>
    <property name="sun.java.command" value="C:\Users\Lenovo\AppData\Local\Temp\surefire2759966011633631112\surefirebooter6623090881792278345.jar C:\Users\Lenovo\AppData\Local\Temp\surefire2759966011633631112 2021-05-28T17-59-33_936-jvmRun1 surefire7159907535560673604tmp surefire_07326720575034749624tmp"/>
    <property name="surefire.test.class.path" value="D:\工作常用工具\java_web_test\BigCommerce-Task-Heng-Liu\target\test-classes;D:\工作常用工具\java_web_test\BigCommerce-Task-Heng-Liu\target\classes;D:\openSources\repository\org\springframework\boot\spring-boot-starter-web\2.0.1.RELEASE\spring-boot-starter-web-2.0.1.RELEASE.jar;D:\openSources\repository\org\springframework\boot\spring-boot-starter\2.0.1.RELEASE\spring-boot-starter-2.0.1.RELEASE.jar;D:\openSources\repository\org\springframework\boot\spring-boot\2.0.1.RELEASE\spring-boot-2.0.1.RELEASE.jar;D:\openSources\repository\org\springframework\boot\spring-boot-autoconfigure\2.0.1.RELEASE\spring-boot-autoconfigure-2.0.1.RELEASE.jar;D:\openSources\repository\org\springframework\boot\spring-boot-starter-logging\2.0.1.RELEASE\spring-boot-starter-logging-2.0.1.RELEASE.jar;D:\openSources\repository\ch\qos\logback\logback-classic\1.2.3\logback-classic-1.2.3.jar;D:\openSources\repository\ch\qos\logback\logback-core\1.2.3\logback-core-1.2.3.jar;D:\openSources\repository\org\apache\logging\log4j\log4j-to-slf4j\2.10.0\log4j-to-slf4j-2.10.0.jar;D:\openSources\repository\org\apache\logging\log4j\log4j-api\2.10.0\log4j-api-2.10.0.jar;D:\openSources\repository\org\slf4j\jul-to-slf4j\1.7.25\jul-to-slf4j-1.7.25.jar;D:\openSources\repository\javax\annotation\javax.annotation-api\1.3.2\javax.annotation-api-1.3.2.jar;D:\openSources\repository\org\yaml\snakeyaml\1.19\snakeyaml-1.19.jar;D:\openSources\repository\org\springframework\boot\spring-boot-starter-json\2.0.1.RELEASE\spring-boot-starter-json-2.0.1.RELEASE.jar;D:\openSources\repository\com\fasterxml\jackson\core\jackson-databind\2.9.5\jackson-databind-2.9.5.jar;D:\openSources\repository\com\fasterxml\jackson\core\jackson-annotations\2.9.0\jackson-annotations-2.9.0.jar;D:\openSources\repository\com\fasterxml\jackson\core\jackson-core\2.9.5\jackson-core-2.9.5.jar;D:\openSources\repository\com\fasterxml\jackson\datatype\jackson-datatype-jdk8\2.9.5\jackson-datatype-jdk8-2.9.5.jar;D:\openSources\repository\com\fasterxml\jackson\datatype\jackson-datatype-jsr310\2.9.5\jackson-datatype-jsr310-2.9.5.jar;D:\openSources\repository\com\fasterxml\jackson\module\jackson-module-parameter-names\2.9.5\jackson-module-parameter-names-2.9.5.jar;D:\openSources\repository\org\springframework\boot\spring-boot-starter-tomcat\2.0.1.RELEASE\spring-boot-starter-tomcat-2.0.1.RELEASE.jar;D:\openSources\repository\org\apache\tomcat\embed\tomcat-embed-websocket\8.5.29\tomcat-embed-websocket-8.5.29.jar;D:\openSources\repository\org\hibernate\validator\hibernate-validator\6.0.9.Final\hibernate-validator-6.0.9.Final.jar;D:\openSources\repository\javax\validation\validation-api\2.0.1.Final\validation-api-2.0.1.Final.jar;D:\openSources\repository\org\jboss\logging\jboss-logging\3.3.2.Final\jboss-logging-3.3.2.Final.jar;D:\openSources\repository\com\fasterxml\classmate\1.3.4\classmate-1.3.4.jar;D:\openSources\repository\org\springframework\spring-web\5.0.5.RELEASE\spring-web-5.0.5.RELEASE.jar;D:\openSources\repository\org\springframework\spring-beans\5.0.5.RELEASE\spring-beans-5.0.5.RELEASE.jar;D:\openSources\repository\org\springframework\spring-webmvc\5.0.5.RELEASE\spring-webmvc-5.0.5.RELEASE.jar;D:\openSources\repository\org\springframework\spring-aop\5.0.5.RELEASE\spring-aop-5.0.5.RELEASE.jar;D:\openSources\repository\org\springframework\spring-context\5.0.5.RELEASE\spring-context-5.0.5.RELEASE.jar;D:\openSources\repository\org\springframework\spring-expression\5.0.5.RELEASE\spring-expression-5.0.5.RELEASE.jar;D:\openSources\repository\javax\servlet\jstl\1.2\jstl-1.2.jar;D:\openSources\repository\org\apache\tomcat\embed\tomcat-embed-jasper\8.5.29\tomcat-embed-jasper-8.5.29.jar;D:\openSources\repository\org\apache\tomcat\embed\tomcat-embed-core\8.5.29\tomcat-embed-core-8.5.29.jar;D:\openSources\repository\org\apache\tomcat\tomcat-annotations-api\8.5.29\tomcat-annotations-api-8.5.29.jar;D:\openSources\repository\org\apache\tomcat\embed\tomcat-embed-el\8.5.29\tomcat-embed-el-8.5.29.jar;D:\openSources\repository\org\eclipse\jdt\ecj\3.12.3\ecj-3.12.3.jar;D:\openSources\repository\com\alibaba\druid\1.0.11\druid-1.0.11.jar;D:\jdk\jdk1.8.0_45\jre\..\lib\jconsole.jar;D:\jdk\jdk1.8.0_45\jre\..\lib\tools.jar;D:\openSources\repository\mysql\mysql-connector-java\5.1.46\mysql-connector-java-5.1.46.jar;D:\openSources\repository\org\mybatis\spring\boot\mybatis-spring-boot-starter\1.3.0\mybatis-spring-boot-starter-1.3.0.jar;D:\openSources\repository\org\springframework\boot\spring-boot-starter-jdbc\2.0.1.RELEASE\spring-boot-starter-jdbc-2.0.1.RELEASE.jar;D:\openSources\repository\com\zaxxer\HikariCP\2.7.8\HikariCP-2.7.8.jar;D:\openSources\repository\org\springframework\spring-jdbc\5.0.5.RELEASE\spring-jdbc-5.0.5.RELEASE.jar;D:\openSources\repository\org\springframework\spring-tx\5.0.5.RELEASE\spring-tx-5.0.5.RELEASE.jar;D:\openSources\repository\org\mybatis\spring\boot\mybatis-spring-boot-autoconfigure\1.3.0\mybatis-spring-boot-autoconfigure-1.3.0.jar;D:\openSources\repository\org\mybatis\mybatis\3.4.4\mybatis-3.4.4.jar;D:\openSources\repository\org\mybatis\mybatis-spring\1.3.1\mybatis-spring-1.3.1.jar;D:\openSources\repository\org\springframework\boot\spring-boot-starter-test\2.0.1.RELEASE\spring-boot-starter-test-2.0.1.RELEASE.jar;D:\openSources\repository\org\springframework\boot\spring-boot-test\2.0.1.RELEASE\spring-boot-test-2.0.1.RELEASE.jar;D:\openSources\repository\org\springframework\boot\spring-boot-test-autoconfigure\2.0.1.RELEASE\spring-boot-test-autoconfigure-2.0.1.RELEASE.jar;D:\openSources\repository\com\jayway\jsonpath\json-path\2.4.0\json-path-2.4.0.jar;D:\openSources\repository\net\minidev\json-smart\2.3\json-smart-2.3.jar;D:\openSources\repository\net\minidev\accessors-smart\1.2\accessors-smart-1.2.jar;D:\openSources\repository\org\ow2\asm\asm\5.0.4\asm-5.0.4.jar;D:\openSources\repository\org\slf4j\slf4j-api\1.7.25\slf4j-api-1.7.25.jar;D:\openSources\repository\org\assertj\assertj-core\3.9.1\assertj-core-3.9.1.jar;D:\openSources\repository\org\mockito\mockito-core\2.15.0\mockito-core-2.15.0.jar;D:\openSources\repository\net\bytebuddy\byte-buddy\1.7.11\byte-buddy-1.7.11.jar;D:\openSources\repository\net\bytebuddy\byte-buddy-agent\1.7.11\byte-buddy-agent-1.7.11.jar;D:\openSources\repository\org\objenesis\objenesis\2.6\objenesis-2.6.jar;D:\openSources\repository\org\hamcrest\hamcrest-core\1.3\hamcrest-core-1.3.jar;D:\openSources\repository\org\hamcrest\hamcrest-library\1.3\hamcrest-library-1.3.jar;D:\openSources\repository\org\skyscreamer\jsonassert\1.5.0\jsonassert-1.5.0.jar;D:\openSources\repository\com\vaadin\external\google\android-json\0.0.20131108.vaadin1\android-json-0.0.20131108.vaadin1.jar;D:\openSources\repository\org\springframework\spring-core\5.0.5.RELEASE\spring-core-5.0.5.RELEASE.jar;D:\openSources\repository\org\springframework\spring-jcl\5.0.5.RELEASE\spring-jcl-5.0.5.RELEASE.jar;D:\openSources\repository\org\springframework\spring-test\5.0.5.RELEASE\spring-test-5.0.5.RELEASE.jar;D:\openSources\repository\org\xmlunit\xmlunit-core\2.5.1\xmlunit-core-2.5.1.jar;D:\openSources\repository\junit\junit\4.12\junit-4.12.jar;"/>
    <property name="sun.cpu.endian" value="little"/>
    <property name="user.home" value="C:\Users\Lenovo"/>
    <property name="user.language" value="zh"/>
    <property name="java.specification.vendor" value="Oracle Corporation"/>
    <property name="java.home" value="D:\jdk\jdk1.8.0_45\jre"/>
    <property name="basedir" value="D:\工作常用工具\java_web_test\BigCommerce-Task-Heng-Liu"/>
    <property name="file.separator" value="\"/>
    <property name="line.separator" value="&#10;"/>
    <property name="java.vm.specification.vendor" value="Oracle Corporation"/>
    <property name="java.specification.name" value="Java Platform API Specification"/>
    <property name="java.awt.graphicsenv" value="sun.awt.Win32GraphicsEnvironment"/>
    <property name="surefire.real.class.path" value="C:\Users\Lenovo\AppData\Local\Temp\surefire2759966011633631112\surefirebooter6623090881792278345.jar"/>
    <property name="sun.boot.class.path" value="D:\jdk\jdk1.8.0_45\jre\lib\resources.jar;D:\jdk\jdk1.8.0_45\jre\lib\rt.jar;D:\jdk\jdk1.8.0_45\jre\lib\sunrsasign.jar;D:\jdk\jdk1.8.0_45\jre\lib\jsse.jar;D:\jdk\jdk1.8.0_45\jre\lib\jce.jar;D:\jdk\jdk1.8.0_45\jre\lib\charsets.jar;D:\jdk\jdk1.8.0_45\jre\lib\jfr.jar;D:\jdk\jdk1.8.0_45\jre\classes"/>
    <property name="user.script" value=""/>
    <property name="sun.management.compiler" value="HotSpot 64-Bit Tiered Compilers"/>
    <property name="java.runtime.version" value="1.8.0_45-b15"/>
    <property name="user.name" value="Lenovo"/>
    <property name="path.separator" value=";"/>
    <property name="os.version" value="6.3"/>
    <property name="java.endorsed.dirs" value="D:\jdk\jdk1.8.0_45\jre\lib\endorsed"/>
    <property name="java.runtime.name" value="Java(TM) SE Runtime Environment"/>
    <property name="file.encoding" value="GBK"/>
    <property name="java.vm.name" value="Java HotSpot(TM) 64-Bit Server VM"/>
    <property name="localRepository" value="D:\openSources\repository"/>
    <property name="java.vendor.url.bug" value="http://bugreport.sun.com/bugreport/"/>
    <property name="java.io.tmpdir" value="C:\Users\Lenovo\AppData\Local\Temp\"/>
    <property name="idea.version" value="2017.3.2"/>
    <property name="java.version" value="1.8.0_45"/>
    <property name="user.dir" value="D:\工作常用工具\java_web_test\BigCommerce-Task-Heng-Liu"/>
    <property name="os.arch" value="amd64"/>
    <property name="java.vm.specification.name" value="Java Virtual Machine Specification"/>
    <property name="java.awt.printerjob" value="sun.awt.windows.WPrinterJob"/>
    <property name="sun.os.patch.level" value=""/>
    <property name="java.library.path" value="D:\jdk\jdk1.8.0_45\jre\bin;C:\WINDOWS\Sun\Java\bin;C:\WINDOWS\system32;C:\WINDOWS;C:\Program Files\Common Files\Oracle\Java\javapath;D:\jdk\jdk1.6.0_41\jre\bin;D:\jdk\jdk1.8.0_45\bin;C:\WINDOWS\System32\WindowsPowerShell\v1.0\;C:\WINDOWS\system32;C:\WINDOWS;C:\WINDOWS\System32\Wbem;C:\Program Files (x86)\Windows Kits\8.1\Windows Performance Toolkit\;C:\Program Files\Microsoft SQL Server\110\Tools\Binn\;D:\MySQL\MySQL Server 5.5\bin;D:\MySQL\bin;D:\openSources\apache-maven-3.6.0\bin;C:\WINDOWS\System32\OpenSSH\;C:\Program Files (x86)\Skype\Phone\;D:\git_large_files_storage\Git LFS;D:\jdk\jdk1.6.0_41\bin;%PGHOME%\bin;D:\git\Git LFS;D:\nodejs;D:\putty\;C:\Program Files\Docker\Docker\resources\bin;C:\ProgramData\DockerDesktop\version-bin;D:\git\Git\cmd;D:\jdk\jdk1.8.0_45\bin;C:\Users\Lenovo\AppData\Local\Microsoft\WindowsApps;C:\ProgramData\Lenovo\atom\bin;C:\Program Files\MySQL\MySQL Server 5.7\bin;C:\Users\Lenovo\AppData\Local\Microsoft\WindowsApps;C:\MinGW\bin;D:\openSources\apache-maven-3.6.0\bin;C:\Program Files\MySQL\MySQL Server 5.7\bin;D:\Microsoft VS Code\Microsoft VS Code\bin;D:\tomcat\apache-tomcat-8.5.51\bin;D:\tomcat\apache-tomcat-8.5.51\lib;C:\Users\Lenovo\AppData\Roaming\npm;;."/>
    <property name="java.vm.info" value="mixed mode"/>
    <property name="java.vendor" value="Oracle Corporation"/>
    <property name="java.vm.version" value="25.45-b02"/>
    <property name="java.ext.dirs" value="D:\jdk\jdk1.8.0_45\jre\lib\ext;C:\WINDOWS\Sun\Java\lib\ext"/>
    <property name="sun.io.unicode.encoding" value="UnicodeLittle"/>
    <property name="maven.repo.local" value="D:\openSources\repository"/>
    <property name="java.class.version" value="52.0"/>
  </properties>
  <testcase name="testCustomerOrderDetailException" classname="com.BigCommerce.ApplicationTest" time="0.423"/>
  <testcase name="testCustomerOrderDetail" classname="com.BigCommerce.ApplicationTest" time="1.304"/>
  <testcase name="testcustomers" classname="com.BigCommerce.ApplicationTest" time="0.047"/>
</testsuite>